{"numFailedTestSuites":0,"numFailedTests":0,"numPassedTestSuites":2,"numPassedTests":16,"numPendingTestSuites":0,"numPendingTests":0,"numRuntimeErrorTestSuites":0,"numTodoTests":0,"numTotalTestSuites":2,"numTotalTests":16,"openHandles":[],"snapshot":{"added":0,"didUpdate":false,"failure":false,"filesAdded":0,"filesRemoved":0,"filesRemovedList":[],"filesUnmatched":0,"filesUpdated":0,"matched":0,"total":0,"unchecked":0,"uncheckedKeysByFile":[],"unmatched":0,"updated":0},"startTime":1752767995251,"success":true,"testResults":[{"assertionResults":[{"ancestorTitles":["Sweet class"],"duration":8,"failing":false,"failureDetails":[],"failureMessages":[],"fullName":"Sweet class should create a sweet object with correct properties","invocations":1,"location":null,"numPassingAsserts":5,"retryReasons":[],"startAt":1752767996527,"status":"passed","title":"should create a sweet object with correct properties"}],"endTime":1752767996537,"message":"","name":"C:\\Users\\valap\\OneDrive\\Desktop\\TDD\\test\\sweet.test.js","startTime":1752767995617,"status":"passed","summary":""},{"assertionResults":[{"ancestorTitles":[],"duration":12,"failing":false,"failureDetails":[],"failureMessages":[],"fullName":"addSweet() should add a new sweet using Sweet class","invocations":1,"location":null,"numPassingAsserts":3,"retryReasons":[],"startAt":1752767996594,"status":"passed","title":"addSweet() should add a new sweet using Sweet class"},{"ancestorTitles":[],"duration":0,"failing":false,"failureDetails":[],"failureMessages":[],"fullName":"deleteSweet() should remove sweet by ID","invocations":1,"location":null,"numPassingAsserts":2,"retryReasons":[],"startAt":1752767996607,"status":"passed","title":"deleteSweet() should remove sweet by ID"},{"ancestorTitles":[],"duration":13,"failing":false,"failureDetails":[],"failureMessages":[],"fullName":"deleteSweet() should throw error if ID not found","invocations":1,"location":null,"numPassingAsserts":1,"retryReasons":[],"startAt":1752767996607,"status":"passed","title":"deleteSweet() should throw error if ID not found"},{"ancestorTitles":[],"duration":1,"failing":false,"failureDetails":[],"failureMessages":[],"fullName":"getAllSweets() should return all sweets","invocations":1,"location":null,"numPassingAsserts":2,"retryReasons":[],"startAt":1752767996620,"status":"passed","title":"getAllSweets() should return all sweets"},{"ancestorTitles":[],"duration":1,"failing":false,"failureDetails":[],"failureMessages":[],"fullName":"updateSweet() should update sweet properties correctly","invocations":1,"location":null,"numPassingAsserts":4,"retryReasons":[],"startAt":1752767996621,"status":"passed","title":"updateSweet() should update sweet properties correctly"},{"ancestorTitles":[],"duration":1,"failing":false,"failureDetails":[],"failureMessages":[],"fullName":"updateSweet() should throw error for non-existent sweet","invocations":1,"location":null,"numPassingAsserts":1,"retryReasons":[],"startAt":1752767996622,"status":"passed","title":"updateSweet() should throw error for non-existent sweet"},{"ancestorTitles":[],"duration":0,"failing":false,"failureDetails":[],"failureMessages":[],"fullName":"searchSweets() should return sweets matching name","invocations":1,"location":null,"numPassingAsserts":1,"retryReasons":[],"startAt":1752767996623,"status":"passed","title":"searchSweets() should return sweets matching name"},{"ancestorTitles":[],"duration":1,"failing":false,"failureDetails":[],"failureMessages":[],"fullName":"searchSweets() should return sweets matching category","invocations":1,"location":null,"numPassingAsserts":2,"retryReasons":[],"startAt":1752767996623,"status":"passed","title":"searchSweets() should return sweets matching category"},{"ancestorTitles":[],"duration":0,"failing":false,"failureDetails":[],"failureMessages":[],"fullName":"searchSweets() should return sweets in price range","invocations":1,"location":null,"numPassingAsserts":1,"retryReasons":[],"startAt":1752767996624,"status":"passed","title":"searchSweets() should return sweets in price range"},{"ancestorTitles":[],"duration":0,"failing":false,"failureDetails":[],"failureMessages":[],"fullName":"purchaseSweet() should reduce quantity of sweet","invocations":1,"location":null,"numPassingAsserts":1,"retryReasons":[],"startAt":1752767996624,"status":"passed","title":"purchaseSweet() should reduce quantity of sweet"},{"ancestorTitles":[],"duration":1,"failing":false,"failureDetails":[],"failureMessages":[],"fullName":"purchaseSweet() should throw error if sweet not found","invocations":1,"location":null,"numPassingAsserts":1,"retryReasons":[],"startAt":1752767996624,"status":"passed","title":"purchaseSweet() should throw error if sweet not found"},{"ancestorTitles":[],"duration":1,"failing":false,"failureDetails":[],"failureMessages":[],"fullName":"purchaseSweet() should throw error if insufficient stock","invocations":1,"location":null,"numPassingAsserts":1,"retryReasons":[],"startAt":1752767996625,"status":"passed","title":"purchaseSweet() should throw error if insufficient stock"},{"ancestorTitles":[],"duration":0,"failing":false,"failureDetails":[],"failureMessages":[],"fullName":"restockSweet() should increase quantity of a sweet","invocations":1,"location":null,"numPassingAsserts":1,"retryReasons":[],"startAt":1752767996626,"status":"passed","title":"restockSweet() should increase quantity of a sweet"},{"ancestorTitles":[],"duration":1,"failing":false,"failureDetails":[],"failureMessages":[],"fullName":"restockSweet() should throw error if sweet not found","invocations":1,"location":null,"numPassingAsserts":1,"retryReasons":[],"startAt":1752767996626,"status":"passed","title":"restockSweet() should throw error if sweet not found"},{"ancestorTitles":[],"duration":0,"failing":false,"failureDetails":[],"failureMessages":[],"fullName":"restockSweet() should throw error for invalid quantity","invocations":1,"location":null,"numPassingAsserts":1,"retryReasons":[],"startAt":1752767996627,"status":"passed","title":"restockSweet() should throw error for invalid quantity"}],"endTime":1752767996629,"message":"","name":"C:\\Users\\valap\\OneDrive\\Desktop\\TDD\\test\\sweetshop.test.js","startTime":1752767995622,"status":"passed","summary":""}],"wasInterrupted":false}
